0 info it worked if it ends with ok
1 verbose cli [ 'C:\\dev\\nvm\\v6.4.0\\node.exe',
1 verbose cli   'C:\\dev\\nvm\\v6.4.0\\node_modules\\npm\\bin\\npm-cli.js',
1 verbose cli   'run',
1 verbose cli   'dev' ]
2 info using npm@3.10.3
3 info using node@v6.4.0
4 verbose run-script [ 'predev', 'dev', 'postdev' ]
5 info lifecycle vi-upload@1.0.0~predev: vi-upload@1.0.0
6 silly lifecycle vi-upload@1.0.0~predev: no script for predev, continuing
7 info lifecycle vi-upload@1.0.0~dev: vi-upload@1.0.0
8 verbose lifecycle vi-upload@1.0.0~dev: unsafe-perm in lifecycle true
9 verbose lifecycle vi-upload@1.0.0~dev: PATH: C:\dev\nvm\v6.4.0\node_modules\npm\bin\node-gyp-bin;D:\kallsave\vi-upload\node_modules\.bin;C:\dev\nvm\v6.4.0;C:\Users\zuoyao.chen\bin;D:\Program Files\Git\mingw64\bin;D:\Program Files\Git\usr\local\bin;D:\Program Files\Git\usr\bin;D:\Program Files\Git\usr\bin;D:\Program Files\Git\mingw64\bin;D:\Program Files\Git\usr\bin;C:\Users\zuoyao.chen\bin;C:\Windows\system32;C:\Windows;C:\Windows\System32\Wbem;C:\Windows\System32\WindowsPowerShell\v1.0;C:\Program Files (x86)\Microsoft VS Code\bin;%NVM_HOME%;D:\Program Files\Git\cmd;C:\dev\nvm;C:\dev\nvm\v6.4.0;C:\dev\nodejs;C:\Users\zuoyao.chen\AppData\Local\Programs\Microsoft VS Code\bin;D:\Program Files\Git\usr\bin\vendor_perl;D:\Program Files\Git\usr\bin\core_perl
10 verbose lifecycle vi-upload@1.0.0~dev: CWD: D:\kallsave\vi-upload
11 silly lifecycle vi-upload@1.0.0~dev: Args: [ '/d /s /c', 'cross-env NODE_ENV=develop node build/build.js' ]
12 silly lifecycle vi-upload@1.0.0~dev: Returned: code: 1  signal: null
13 info lifecycle vi-upload@1.0.0~dev: Failed to exec dev script
14 verbose stack Error: vi-upload@1.0.0 dev: `cross-env NODE_ENV=develop node build/build.js`
14 verbose stack Exit status 1
14 verbose stack     at EventEmitter.<anonymous> (C:\dev\nvm\v6.4.0\node_modules\npm\lib\utils\lifecycle.js:242:16)
14 verbose stack     at emitTwo (events.js:106:13)
14 verbose stack     at EventEmitter.emit (events.js:191:7)
14 verbose stack     at ChildProcess.<anonymous> (C:\dev\nvm\v6.4.0\node_modules\npm\lib\utils\spawn.js:40:14)
14 verbose stack     at emitTwo (events.js:106:13)
14 verbose stack     at ChildProcess.emit (events.js:191:7)
14 verbose stack     at maybeClose (internal/child_process.js:852:16)
14 verbose stack     at Process.ChildProcess._handle.onexit (internal/child_process.js:215:5)
15 verbose pkgid vi-upload@1.0.0
16 verbose cwd D:\kallsave\vi-upload
17 error Windows_NT 10.0.10586
18 error argv "C:\\dev\\nvm\\v6.4.0\\node.exe" "C:\\dev\\nvm\\v6.4.0\\node_modules\\npm\\bin\\npm-cli.js" "run" "dev"
19 error node v6.4.0
20 error npm  v3.10.3
21 error code ELIFECYCLE
22 error vi-upload@1.0.0 dev: `cross-env NODE_ENV=develop node build/build.js`
22 error Exit status 1
23 error Failed at the vi-upload@1.0.0 dev script 'cross-env NODE_ENV=develop node build/build.js'.
23 error Make sure you have the latest version of node.js and npm installed.
23 error If you do, this is most likely a problem with the vi-upload package,
23 error not with npm itself.
23 error Tell the author that this fails on your system:
23 error     cross-env NODE_ENV=develop node build/build.js
23 error You can get information on how to open an issue for this project with:
23 error     npm bugs vi-upload
23 error Or if that isn't available, you can get their info via:
23 error     npm owner ls vi-upload
23 error There is likely additional logging output above.
24 verbose exit [ 1, true ]
